1680444758390	geckodriver	INFO	Listening on 127.0.0.1:57194
1680444761523	mozrunner::runner	INFO	Running command: "C:\\Program Files\\Mozilla Firefox\\firefox.exe" "--marionette" "--remote-debugging-port" "57195" "--remote-allow-hosts" "localhost" "-no-remote" "-profile" "C:\\Users\\gorak\\AppData\\Local\\Temp\\rust_mozprofileRvVzY8"
console.warn: services.settings: Ignoring preference override of remote settings server
console.warn: services.settings: Allow by setting MOZ_REMOTE_SETTINGS_DEVTOOLS=1 in the environment
1680444762148	Marionette	INFO	Marionette enabled
Dynamically enable window occlusion 0
1680444762154	Marionette	INFO	Listening on port 57202
Read port: 57202
WebDriver BiDi listening on ws://127.0.0.1:57195
1680444762322	RemoteAgent	WARN	TLS certificate errors will be ignored for this session
console.warn: SearchSettings: "get: No settings file exists, new profile?" (new NotFoundError("Could not open the file at C:\\Users\\gorak\\AppData\\Local\\Temp\\rust_mozprofileRvVzY8\\search.json.mozlz4", (void 0)))
DevTools listening on ws://127.0.0.1:57195/devtools/browser/569ee163-b4ef-40c6-ab3b-6b049168548d
JavaScript warning: https://d235vmrai5heq2.cloudfront.net/js/admin/lib/jquery/jquery.min.js, line 2: Using //@ to indicate sourceMappingURL pragmas is deprecated. Use //# instead
JavaScript warning: https://d235vmrai5heq2.cloudfront.net/js/default/review.js?v=V3.1.80063, line 33: unreachable code after return statement
JavaScript warning: https://d235vmrai5heq2.cloudfront.net/js/default/paypal.js?v=V3.1.80063, line 564: unreachable code after return statement
JavaScript warning: https://d235vmrai5heq2.cloudfront.net/js/admin/lib/jquery/jquery.min.js, line 2: Using //@ to indicate sourceMappingURL pragmas is deprecated. Use //# instead
JavaScript warning: https://d235vmrai5heq2.cloudfront.net/js/default/review.js?v=V3.1.80063, line 33: unreachable code after return statement
JavaScript warning: https://d235vmrai5heq2.cloudfront.net/js/default/paypal.js?v=V3.1.80063, line 564: unreachable code after return statement
JavaScript warning: https://d235vmrai5heq2.cloudfront.net/js/admin/lib/jquery/jquery.min.js, line 2: Using //@ to indicate sourceMappingURL pragmas is deprecated. Use //# instead
JavaScript warning: https://d235vmrai5heq2.cloudfront.net/js/default/review.js?v=V3.1.80063, line 33: unreachable code after return statement
JavaScript warning: https://d235vmrai5heq2.cloudfront.net/js/default/paypal.js?v=V3.1.80063, line 564: unreachable code after return statement
Marionette threw an error: TypeError: browsingContext.currentWindowGlobal is null
getMarionetteCommandsActorProxy/get/<@chrome://remote/content/marionette/actors/MarionetteCommandsParent.sys.mjs:297:29
observe@resource://gre/modules/AsyncShutdown.sys.mjs:576:16

console.error: "Marionette threw an error: TypeError: browsingContext.currentWindowGlobal is null\ngetMarionetteCommandsActorProxy/get/<@chrome://remote/content/marionette/actors/MarionetteCommandsParent.sys.mjs:297:29\nobserve@resource://gre/modules/AsyncShutdown.sys.mjs:576:16\n"
1680444783758	Marionette	INFO	Stopped listening on port 57202
Dynamically enable window occlusion 1
[Parent 31008, IPC I/O Parent] WARNING: DuplicateHandle failed for handle 0 in TransferHandles: file /builds/worker/checkouts/gecko/ipc/chromium/src/chrome/common/ipc_channel_win.cc:777
1680444792334	geckodriver	INFO	Listening on 127.0.0.1:57340
1680444795407	mozrunner::runner	INFO	Running command: "C:\\Program Files\\Mozilla Firefox\\firefox.exe" "--marionette" "--remote-debugging-port" "57341" "--remote-allow-hosts" "localhost" "-no-remote" "-profile" "C:\\Users\\gorak\\AppData\\Local\\Temp\\rust_mozprofileY9FSFc"
console.warn: services.settings: Ignoring preference override of remote settings server
console.warn: services.settings: Allow by setting MOZ_REMOTE_SETTINGS_DEVTOOLS=1 in the environment
1680444795913	Marionette	INFO	Marionette enabled
Dynamically enable window occlusion 0
1680444795918	Marionette	INFO	Listening on port 57348
Read port: 57348
WebDriver BiDi listening on ws://127.0.0.1:57341
1680444796093	RemoteAgent	WARN	TLS certificate errors will be ignored for this session
console.warn: SearchSettings: "get: No settings file exists, new profile?" (new NotFoundError("Could not open the file at C:\\Users\\gorak\\AppData\\Local\\Temp\\rust_mozprofileY9FSFc\\search.json.mozlz4", (void 0)))
DevTools listening on ws://127.0.0.1:57341/devtools/browser/3322ce86-fb49-4c96-bf24-1bac5866c2da
JavaScript warning: https://d235vmrai5heq2.cloudfront.net/js/admin/lib/jquery/jquery.min.js, line 2: Using //@ to indicate sourceMappingURL pragmas is deprecated. Use //# instead
JavaScript warning: https://d235vmrai5heq2.cloudfront.net/js/default/review.js?v=V3.1.80063, line 33: unreachable code after return statement
JavaScript warning: https://d235vmrai5heq2.cloudfront.net/js/default/paypal.js?v=V3.1.80063, line 564: unreachable code after return statement
JavaScript warning: https://d235vmrai5heq2.cloudfront.net/js/admin/lib/jquery/jquery.min.js, line 2: Using //@ to indicate sourceMappingURL pragmas is deprecated. Use //# instead
JavaScript warning: https://d235vmrai5heq2.cloudfront.net/js/default/review.js?v=V3.1.80063, line 33: unreachable code after return statement
JavaScript warning: https://d235vmrai5heq2.cloudfront.net/js/default/paypal.js?v=V3.1.80063, line 564: unreachable code after return statement
1680444846252	Marionette	INFO	Stopped listening on port 57348
Dynamically enable window occlusion 1
1680444945999	geckodriver	INFO	Listening on 127.0.0.1:57504
1680444949065	mozrunner::runner	INFO	Running command: "C:\\Program Files\\Mozilla Firefox\\firefox.exe" "--marionette" "--remote-debugging-port" "57505" "--remote-allow-hosts" "localhost" "-no-remote" "-profile" "C:\\Users\\gorak\\AppData\\Local\\Temp\\rust_mozprofileQIfTCx"
console.warn: services.settings: Ignoring preference override of remote settings server
console.warn: services.settings: Allow by setting MOZ_REMOTE_SETTINGS_DEVTOOLS=1 in the environment
1680444949402	Marionette	INFO	Marionette enabled
Dynamically enable window occlusion 0
1680444949406	Marionette	INFO	Listening on port 57512
Read port: 57512
WebDriver BiDi listening on ws://127.0.0.1:57505
1680444949549	RemoteAgent	WARN	TLS certificate errors will be ignored for this session
console.warn: SearchSettings: "get: No settings file exists, new profile?" (new NotFoundError("Could not open the file at C:\\Users\\gorak\\AppData\\Local\\Temp\\rust_mozprofileQIfTCx\\search.json.mozlz4", (void 0)))
DevTools listening on ws://127.0.0.1:57505/devtools/browser/a8855c4b-87cc-44da-8a1f-76fe50ddbc95
JavaScript warning: https://d235vmrai5heq2.cloudfront.net/js/admin/lib/jquery/jquery.min.js, line 2: Using //@ to indicate sourceMappingURL pragmas is deprecated. Use //# instead
JavaScript warning: https://d235vmrai5heq2.cloudfront.net/js/default/review.js?v=V3.1.80063, line 33: unreachable code after return statement
JavaScript warning: https://d235vmrai5heq2.cloudfront.net/js/default/paypal.js?v=V3.1.80063, line 564: unreachable code after return statement
JavaScript warning: https://d235vmrai5heq2.cloudfront.net/js/admin/lib/jquery/jquery.min.js, line 2: Using //@ to indicate sourceMappingURL pragmas is deprecated. Use //# instead
JavaScript warning: https://d235vmrai5heq2.cloudfront.net/js/default/review.js?v=V3.1.80063, line 33: unreachable code after return statement
JavaScript warning: https://d235vmrai5heq2.cloudfront.net/js/default/paypal.js?v=V3.1.80063, line 564: unreachable code after return statement
1680444970885	Marionette	INFO	Stopped listening on port 57512
Dynamically enable window occlusion 1
1686031149127	geckodriver	INFO	Listening on 127.0.0.1:64690
1686031152201	mozrunner::runner	INFO	Running command: "C:\\Program Files\\Mozilla Firefox\\firefox.exe" "--marionette" "--remote-debugging-port" "64691" "--remote-allow-hosts" "localhost" "-no-remote" "-profile" "C:\\Users\\gorak\\AppData\\Local\\Temp\\rust_mozprofileCtEE5C"
console.warn: services.settings: Ignoring preference override of remote settings server
console.warn: services.settings: Allow by setting MOZ_REMOTE_SETTINGS_DEVTOOLS=1 in the environment
1686031152844	Marionette	INFO	Marionette enabled
Dynamically enable window occlusion 0
1686031152847	Marionette	INFO	Listening on port 64698
Read port: 64698
WebDriver BiDi listening on ws://127.0.0.1:64691
1686031152982	RemoteAgent	WARN	TLS certificate errors will be ignored for this session
[ERROR glean_core] Error setting metrics feature config: Json(Error("EOF while parsing a value", line: 1, column: 0))
DevTools listening on ws://127.0.0.1:64691/devtools/browser/51c0a9d7-4e0b-4cb9-b720-d8bc2cbdb679
JavaScript warning: https://d235vmrai5heq2.cloudfront.net/js/admin/lib/jquery/jquery.min.js, line 2: Using //@ to indicate sourceMappingURL pragmas is deprecated. Use //# instead
JavaScript warning: https://d235vmrai5heq2.cloudfront.net/js/default/review.js?v=V3.1.80078, line 33: unreachable code after return statement
JavaScript warning: https://d235vmrai5heq2.cloudfront.net/js/default/paypal.js?v=V3.1.80078, line 564: unreachable code after return statement
JavaScript warning: https://d235vmrai5heq2.cloudfront.net/js/admin/lib/jquery/jquery.min.js, line 2: Using //@ to indicate sourceMappingURL pragmas is deprecated. Use //# instead
JavaScript warning: https://d235vmrai5heq2.cloudfront.net/js/default/review.js?v=V3.1.80078, line 33: unreachable code after return statement
JavaScript warning: https://d235vmrai5heq2.cloudfront.net/js/default/paypal.js?v=V3.1.80078, line 564: unreachable code after return statement
[Child 13892, Main Thread] WARNING: JSWindowActorChild::SendRawMessage (Conduits, ConduitClosed) not sent: !CanSend() || !mManager || !mManager->CanSend(): file /builds/worker/checkouts/gecko/dom/ipc/jsactor/JSWindowActorChild.cpp:57
[Child 13892, Main Thread] WARNING: JSWindowActorChild::SendRawMessage (Conduits, ConduitClosed) not sent: !CanSend() || !mManager || !mManager->CanSend(): file /builds/worker/checkouts/gecko/dom/ipc/jsactor/JSWindowActorChild.cpp:57
[Child 13892, Main Thread] WARNING: JSWindowActorChild::SendRawMessage (Conduits, ConduitClosed) not sent: !CanSend() || !mManager || !mManager->CanSend(): file /builds/worker/checkouts/gecko/dom/ipc/jsactor/JSWindowActorChild.cpp:57
[Child 13892, Main Thread] WARNING: JSWindowActorChild::SendRawMessage (Conduits, ConduitClosed) not sent: !CanSend() || !mManager || !mManager->CanSend(): file /builds/worker/checkouts/gecko/dom/ipc/jsactor/JSWindowActorChild.cpp:57
[Child 13892, Main Thread] WARNING: JSWindowActorChild::SendRawMessage (Conduits, ConduitClosed) not sent: !CanSend() || !mManager || !mManager->CanSend(): file /builds/worker/checkouts/gecko/dom/ipc/jsactor/JSWindowActorChild.cpp:57
[Child 13892, Main Thread] WARNING: JSWindowActorChild::SendRawMessage (Conduits, ConduitClosed) not sent: !CanSend() || !mManager || !mManager->CanSend(): file /builds/worker/checkouts/gecko/dom/ipc/jsactor/JSWindowActorChild.cpp:57
[Child 13892, Main Thread] WARNING: JSWindowActorChild::SendRawMessage (Conduits, ConduitClosed) not sent: !CanSend() || !mManager || !mManager->CanSend(): file /builds/worker/checkouts/gecko/dom/ipc/jsactor/JSWindowActorChild.cpp:57
[Child 13892, Main Thread] WARNING: JSWindowActorChild::SendRawMessage (Conduits, ConduitClosed) not sent: !CanSend() || !mManager || !mManager->CanSend(): file /builds/worker/checkouts/gecko/dom/ipc/jsactor/JSWindowActorChild.cpp:57
1686031219036	Marionette	INFO	Stopped listening on port 64698
Dynamically enable window occlusion 1
1686031294799	geckodriver	INFO	Listening on 127.0.0.1:64864
1686031297903	mozrunner::runner	INFO	Running command: "C:\\Program Files\\Mozilla Firefox\\firefox.exe" "--marionette" "--remote-debugging-port" "64865" "--remote-allow-hosts" "localhost" "-no-remote" "-profile" "C:\\Users\\gorak\\AppData\\Local\\Temp\\rust_mozprofilefkE42g"
console.warn: services.settings: Ignoring preference override of remote settings server
console.warn: services.settings: Allow by setting MOZ_REMOTE_SETTINGS_DEVTOOLS=1 in the environment
1686031298447	Marionette	INFO	Marionette enabled
Dynamically enable window occlusion 0
1686031298450	Marionette	INFO	Listening on port 64872
Read port: 64872
WebDriver BiDi listening on ws://127.0.0.1:64865
1686031298578	RemoteAgent	WARN	TLS certificate errors will be ignored for this session
[ERROR glean_core] Error setting metrics feature config: Json(Error("EOF while parsing a value", line: 1, column: 0))
DevTools listening on ws://127.0.0.1:64865/devtools/browser/e9f2e0b5-9484-48a9-89ec-defac45410b0
JavaScript warning: https://d235vmrai5heq2.cloudfront.net/js/admin/lib/jquery/jquery.min.js, line 2: Using //@ to indicate sourceMappingURL pragmas is deprecated. Use //# instead
JavaScript warning: https://d235vmrai5heq2.cloudfront.net/js/default/review.js?v=V3.1.80078, line 33: unreachable code after return statement
JavaScript warning: https://d235vmrai5heq2.cloudfront.net/js/default/paypal.js?v=V3.1.80078, line 564: unreachable code after return statement
JavaScript warning: https://d235vmrai5heq2.cloudfront.net/js/admin/lib/jquery/jquery.min.js, line 2: Using //@ to indicate sourceMappingURL pragmas is deprecated. Use //# instead
JavaScript warning: https://d235vmrai5heq2.cloudfront.net/js/default/review.js?v=V3.1.80078, line 33: unreachable code after return statement
JavaScript warning: https://d235vmrai5heq2.cloudfront.net/js/default/paypal.js?v=V3.1.80078, line 564: unreachable code after return statement
1686031318509	Marionette	INFO	Stopped listening on port 64872
[Child 22588, Main Thread] WARNING: JSWindowActorChild::SendRawMessage (Conduits, ConduitClosed) not sent: !CanSend() || !mManager || !mManager->CanSend(): file /builds/worker/checkouts/gecko/dom/ipc/jsactor/JSWindowActorChild.cpp:57
[Child 22588, Main Thread] WARNING: JSWindowActorChild::SendRawMessage (Conduits, ConduitClosed) not sent: !CanSend() || !mManager || !mManager->CanSend(): file /builds/worker/checkouts/gecko/dom/ipc/jsactor/JSWindowActorChild.cpp:57
[Child 22588, Main Thread] WARNING: JSWindowActorChild::SendRawMessage (Conduits, ConduitClosed) not sent: !CanSend() || !mManager || !mManager->CanSend(): file /builds/worker/checkouts/gecko/dom/ipc/jsactor/JSWindowActorChild.cpp:57
[Child 22588, Main Thread] WARNING: JSWindowActorChild::SendRawMessage (Conduits, ConduitClosed) not sent: !CanSend() || !mManager || !mManager->CanSend(): file /builds/worker/checkouts/gecko/dom/ipc/jsactor/JSWindowActorChild.cpp:57
[Child 22588, Main Thread] WARNING: JSWindowActorChild::SendRawMessage (Conduits, ConduitClosed) not sent: !CanSend() || !mManager || !mManager->CanSend(): file /builds/worker/checkouts/gecko/dom/ipc/jsactor/JSWindowActorChild.cpp:57
[Child 22588, Main Thread] WARNING: JSWindowActorChild::SendRawMessage (Conduits, ConduitClosed) not sent: !CanSend() || !mManager || !mManager->CanSend(): file /builds/worker/checkouts/gecko/dom/ipc/jsactor/JSWindowActorChild.cpp:57
[Child 22588, Main Thread] WARNING: JSWindowActorChild::SendRawMessage (Conduits, ConduitClosed) not sent: !CanSend() || !mManager || !mManager->CanSend(): file /builds/worker/checkouts/gecko/dom/ipc/jsactor/JSWindowActorChild.cpp:57
[Child 22588, Main Thread] WARNING: JSWindowActorChild::SendRawMessage (Conduits, ConduitClosed) not sent: !CanSend() || !mManager || !mManager->CanSend(): file /builds/worker/checkouts/gecko/dom/ipc/jsactor/JSWindowActorChild.cpp:57
Dynamically enable window occlusion 1
